Arguments: 
  C:\Program Files\nodejs\node.exe C:\Users\Mateu\AppData\Roaming\npm\node_modules\yarn\bin\yarn.js add lodash prop-types ramdom-id react-native-loader

PATH: 
  C:\Python310\Scripts\;C:\Python310\;C:\WINDOWS\system32;C:\WINDOWS;C:\WINDOWS\System32\Wbem;C:\WINDOWS\System32\WindowsPowerShell\v1.0\;C:\WINDOWS\System32\OpenSSH\;C:\Program Files\Git\cmd;C:\ProgramData\chocolatey\bin;C:\Program Files\OpenJDK\openjdk-11.0.12_7\bin;C:\Android\Sdk\emulator;C:\Android\Sdk\tools;C:\Android\Sdk\tools\bin;C:\Android\Sdk\platform-tools;C:\Users\Mateu\AppData\Local\Yarn\bin;C:\Program Files\Amazon\AWSCLIV2\;C:\Users\Mateu\bin;C:\Program Files (x86)\PuTTY\;C:\Program Files\nodejs\;C:\Program Files\stripe;C:\Program Files\Docker\Docker\resources\bin;C:\ProgramData\DockerDesktop\version-bin;C:\Program Files\dotnet\;C:\Program Files\Microsoft SQL Server\Client SDK\ODBC\170\Tools\Binn\;C:\Program Files (x86)\Microsoft SQL Server\150\Tools\Binn\;C:\Program Files\Microsoft SQL Server\150\Tools\Binn\;C:\Program Files\Microsoft SQL Server\150\DTS\Binn\;C:\Program Files\Azure Data Studio\bin;C:\sqlite;C:\xampp\php;C:\composer;C:\Users\Mateu\AppData\Local\Microsoft\WindowsApps;C:\Users\Mateu\AppData\Local\Programs\Microsoft VS Code\bin;C:\Users\Mateu\AppData\Local\Yarn\bin;C:\Users\Mateu\bin;C:\Users\Mateu\AppData\Roaming\npm;C:\Users\Mateu\AppData\Local\atom\bin;C:\Users\Mateu\.dotnet\tools;C:\Program Files\Azure Data Studio\bin;C:\sqlite;C:\Users\Mateu\AppData\Roaming\Composer\vendor\bin

Yarn version: 
  1.22.17

Node version: 
  16.15.0

Platform: 
  win32 x64

Trace: 
  Error: https://registry.yarnpkg.com/ramdom-id: Not found
      at Request.params.callback [as _callback] (C:\Users\Mateu\AppData\Roaming\npm\node_modules\yarn\lib\cli.js:67029:18)
      at Request.self.callback (C:\Users\Mateu\AppData\Roaming\npm\node_modules\yarn\lib\cli.js:140883:22)
      at Request.emit (node:events:527:28)
      at Request.<anonymous> (C:\Users\Mateu\AppData\Roaming\npm\node_modules\yarn\lib\cli.js:141855:10)
      at Request.emit (node:events:527:28)
      at IncomingMessage.<anonymous> (C:\Users\Mateu\AppData\Roaming\npm\node_modules\yarn\lib\cli.js:141777:12)
      at Object.onceWrapper (node:events:641:28)
      at IncomingMessage.emit (node:events:539:35)
      at endReadableNT (node:internal/streams/readable:1345:12)
      at processTicksAndRejections (node:internal/process/task_queues:83:21)

npm manifest: 
  {
    "name": "app-music",
    "version": "1.0.0",
    "main": "node_modules/expo/AppEntry.js",
    "scripts": {
      "start": "expo start",
      "android": "expo start --android",
      "ios": "expo start --ios",
      "web": "expo start --web",
      "eject": "expo eject",
      "test": "jest --watchAll"
    },
    "jest": {
      "preset": "jest-expo"
    },
    "dependencies": {
      "@expo/vector-icons": "^13.0.0",
      "@react-native-async-storage/async-storage": "~1.17.3",
      "@react-native-community/art": "^1.2.0",
      "@react-native-community/slider": "^4.2.3",
      "@react-navigation/bottom-tabs": "^6.0.5",
      "@react-navigation/native": "^6.0.2",
      "@react-navigation/native-stack": "^6.1.0",
      "expo": "~45.0.0",
      "expo-asset": "~8.5.0",
      "expo-av": "~11.2.3",
      "expo-constants": "~13.1.1",
      "expo-file-system": "~14.0.0",
      "expo-font": "~10.1.0",
      "expo-linking": "~3.1.0",
      "expo-media-library": "~14.1.0",
      "expo-splash-screen": "~0.15.1",
      "expo-status-bar": "~1.3.0",
      "expo-system-ui": "~1.2.0",
      "expo-web-browser": "~10.2.0",
      "react": "17.0.2",
      "react-dom": "17.0.2",
      "react-native": "0.68.2",
      "react-native-animatable": "^1.3.3",
      "react-native-chatbot": "^0.0.1-alpha.12",
      "react-native-safe-area-context": "4.2.4",
      "react-native-screens": "~3.11.1",
      "react-native-web": "0.17.7",
      "styled-components": "^5.3.6"
    },
    "devDependencies": {
      "@babel/core": "^7.12.9",
      "@types/react": "~17.0.21",
      "@types/react-native": "~0.66.13",
      "@types/styled-components": "^5.1.26",
      "jest": "^26.6.3",
      "jest-expo": "~45.0.0",
      "react-test-renderer": "17.0.2",
      "typescript": "~4.3.5"
    },
    "private": true
  }

yarn manifest: 
  No manifest

Lockfile: 
  No lockfile
